<?xml version="1.0" encoding="UTF-8"?>
<!-- Generated by org.testng.reporters.JUnitReportReporter -->
<testsuite hostname="DESKTOP-953G68F" failures="0" tests="1" name="cts.miniproject.test.PageFactory_verifyLogin_KD" time="22.476" errors="0" timestamp="2020-03-29T13:24:19 IST" skipped="0">
  <testcase classname="cts.miniproject.test.PageFactory_verifyLogin_KD" name="checkValidUser" time="22.476"/>
  <system-out/>
</testsuite> <!-- cts.miniproject.test.PageFactory_verifyLogin_KD -->
