<?xml version="1.0" encoding="UTF-8"?>
<!-- Generated by org.testng.reporters.JUnitReportReporter -->
<testsuite hostname="DESKTOP-953G68F" failures="0" tests="1" name="TestNG.TestSelenium" time="0.010" errors="0" timestamp="2020-03-25T16:14:05 IST" skipped="0">
  <testcase classname="TestNG.TestSelenium" name="testconfig" time="0.010"/>
  <system-out/>
</testsuite> <!-- TestNG.TestSelenium -->
