<?xml version="1.0" encoding="UTF-8"?>
<!-- Generated by org.testng.reporters.JUnitReportReporter -->
<testsuite hostname="DESKTOP-953G68F" failures="0" tests="1" name="cts.miniproject.test.VerifyWordPressLogin" time="28.819" errors="0" timestamp="2020-03-26T19:17:07 IST" skipped="0">
  <testcase classname="cts.miniproject.test.VerifyWordPressLogin" name="verifyValidLogin" time="28.819"/>
  <system-out/>
</testsuite> <!-- cts.miniproject.test.VerifyWordPressLogin -->
