<?xml version="1.0" encoding="UTF-8"?>
<!-- Generated by org.testng.reporters.JUnitReportReporter -->
<testsuite hostname="DESKTOP-953G68F" failures="0" tests="1" name="cts.miniproject.test.TestSeleniumInChrome" time="40.423" errors="0" timestamp="2020-03-25T13:05:01 IST" skipped="0">
  <testcase classname="cts.miniproject.test.TestSeleniumInChrome" name="testchrome" time="40.423"/>
  <system-out/>
</testsuite> <!-- cts.miniproject.test.TestSeleniumInChrome -->
