<?xml version="1.0" encoding="UTF-8"?>
<!-- Generated by org.testng.reporters.JUnitReportReporter -->
<testsuite hostname="DESKTOP-953G68F" failures="0" tests="5" name="TestNG.Display" time="0.032" errors="0" timestamp="2020-03-24T14:28:18 IST" skipped="0">
  <testcase classname="TestNG.Display" name="admin1" time="0.019"/>
  <system-out/>
  <testcase classname="TestNG.Display" name="vendor1" time="0.002"/>
  <system-out/>
  <testcase classname="TestNG.Display" name="vendor2" time="0.002"/>
  <system-out/>
  <testcase classname="TestNG.Display" name="admin2" time="0.007"/>
  <system-out/>
  <testcase classname="TestNG.Display" name="vendor3" time="0.002"/>
  <system-out/>
</testsuite> <!-- TestNG.Display -->
