<?xml version="1.0" encoding="UTF-8"?>
<!-- Generated by org.testng.reporters.JUnitReportReporter -->
<testsuite hostname="DESKTOP-953G68F" failures="0" tests="2" name="cts.miniproject.test.ValidAndInvalid" time="229.628" errors="0" timestamp="2020-03-25T20:35:49 IST" skipped="0">
  <testcase classname="cts.miniproject.test.ValidAndInvalid" name="validlogin" time="156.303"/>
  <system-out/>
  <testcase classname="cts.miniproject.test.ValidAndInvalid" name="invalidlogin" time="73.325"/>
  <system-out/>
</testsuite> <!-- cts.miniproject.test.ValidAndInvalid -->
