<?xml version="1.0" encoding="UTF-8"?>
<!-- Generated by org.testng.reporters.JUnitReportReporter -->
<testsuite hostname="DESKTOP-953G68F" failures="0" tests="3" name="TestNG.Parallel" time="0.040" errors="0" timestamp="2020-03-24T16:31:32 IST" skipped="0">
  <testcase classname="TestNG.Parallel" name="test1" time="0.013"/>
  <system-out/>
  <testcase classname="TestNG.Parallel" name="test3" time="0.014"/>
  <system-out/>
  <testcase classname="TestNG.Parallel" name="test2" time="0.013"/>
  <system-out/>
</testsuite> <!-- TestNG.Parallel -->
