<?xml version="1.0" encoding="UTF-8"?>
<!-- Generated by org.testng.reporters.JUnitReportReporter -->
<testsuite hostname="DESKTOP-953G68F" failures="0" tests="1" name="cts.miniproject.test.PageFactory_verifyLogin" time="33.445" errors="0" timestamp="2020-03-26T20:53:34 IST" skipped="0">
  <testcase classname="cts.miniproject.test.PageFactory_verifyLogin" name="checkValidUser" time="33.445"/>
  <system-out/>
</testsuite> <!-- cts.miniproject.test.PageFactory_verifyLogin -->
