<?xml version="1.0" encoding="UTF-8"?>
<!-- Generated by org.testng.reporters.JUnitReportReporter -->
<testsuite hostname="DESKTOP-953G68F" failures="0" tests="1" name="TestNG.ExtentReport" time="0.812" errors="0" timestamp="2020-03-28T10:33:45 IST" skipped="0">
  <testcase classname="TestNG.ExtentReport" name="loginTest" time="0.812"/>
  <system-out/>
</testsuite> <!-- TestNG.ExtentReport -->
