<?xml version="1.0" encoding="UTF-8"?>
<!-- Generated by org.testng.reporters.JUnitReportReporter -->
<testsuite hostname="DESKTOP-953G68F" failures="0" tests="2" name="TestNG.Annotations" time="0.018" errors="0" timestamp="2020-03-24T12:01:58 IST" skipped="0">
  <testcase classname="TestNG.Annotations" name="test1" time="0.012"/>
  <system-out/>
  <testcase classname="TestNG.Annotations" name="test2" time="0.006"/>
  <system-out/>
</testsuite> <!-- TestNG.Annotations -->
