<?xml version="1.0" encoding="UTF-8"?>
<!-- Generated by org.testng.reporters.JUnitReportReporter -->
<testsuite hostname="DESKTOP-953G68F" failures="0" tests="3" name="TestNG.Parallel2" time="0.018" errors="0" timestamp="2020-03-24T16:31:32 IST" skipped="0">
  <testcase classname="TestNG.Parallel2" name="test12" time="0.003"/>
  <system-out/>
  <testcase classname="TestNG.Parallel2" name="test13" time="0.005"/>
  <system-out/>
  <testcase classname="TestNG.Parallel2" name="test11" time="0.010"/>
  <system-out/>
</testsuite> <!-- TestNG.Parallel2 -->
