<?xml version="1.0" encoding="UTF-8"?>
<!-- Generated by org.testng.reporters.JUnitReportReporter -->
<testsuite hostname="DESKTOP-953G68F" failures="0" tests="1" name="TestNG.LoginScript" time="22.511" errors="0" timestamp="2020-03-25T15:51:01 IST" skipped="0">
  <testcase classname="TestNG.LoginScript" name="f" time="22.511"/>
  <system-out/>
</testsuite> <!-- TestNG.LoginScript -->
